Arguments: 
  /Users/jonasrct/.nvm/versions/node/v16.8.0/bin/node /opt/homebrew/Cellar/yarn/1.22.17_2/libexec/bin/yarn.js add node-tweet-streams

PATH: 
  /Users/jonasrct/Downloads/solana-1.9.2/bin:/opt/homebrew/opt/openjdk/bin:/Users/jonasrct/.nvm/versions/node/v16.8.0/bin:/Users/jonasrct/.local/share/solana/install/active_release/bin:/opt/homebrew/bin:/opt/homebrew/sbin:/usr/local/bin:/usr/bin:/bin:/usr/sbin:/sbin:/usr/local/go/bin:/Library/Apple/usr/bin:/Users/jonasrct/Downloads/solana-1.9.2/bin:/opt/homebrew/opt/openjdk/bin:/opt/homebrew/Caskroom/miniforge/base/bin:/opt/homebrew/Caskroom/miniforge/base/condabin:/Users/jonasrct/.nvm/versions/node/v16.8.0/bin:/Users/jonasrct/.local/share/solana/install/active_release/bin:/opt/homebrew/bin:/opt/homebrew/sbin:/Users/jonasrct/.cargo/bin

Yarn version: 
  1.22.17

Node version: 
  16.8.0

Platform: 
  darwin arm64

Trace: 
  Error: https://registry.yarnpkg.com/node-tweet-streams: Not found
      at Request.params.callback [as _callback] (/opt/homebrew/Cellar/yarn/1.22.17_2/libexec/lib/cli.js:67029:18)
      at Request.self.callback (/opt/homebrew/Cellar/yarn/1.22.17_2/libexec/lib/cli.js:140883:22)
      at Request.emit (node:events:394:28)
      at Request.<anonymous> (/opt/homebrew/Cellar/yarn/1.22.17_2/libexec/lib/cli.js:141855:10)
      at Request.emit (node:events:394:28)
      at IncomingMessage.<anonymous> (/opt/homebrew/Cellar/yarn/1.22.17_2/libexec/lib/cli.js:141777:12)
      at Object.onceWrapper (node:events:513:28)
      at IncomingMessage.emit (node:events:406:35)
      at endReadableNT (node:internal/streams/readable:1343:12)
      at processTicksAndRejections (node:internal/process/task_queues:83:21)

npm manifest: 
  {
    "name": "docker-elk-twitter",
    "version": "1.0.0",
    "main": "index.js",
    "repository": "https://github.com/codebender828/twitter-sentiment-analysis",
    "author": "codebender828 <jbakebwa@163.com>",
    "license": "MIT"
  }

yarn manifest: 
  No manifest

Lockfile: 
  No lockfile
